2
95
162
41
97
65
136
36
25
38
99
5
53
42
139
109
13
20
125
77
10
119
74
28
82
84
11
52
122
48
133
90
137
58
106
70
64
135
118
40
120
73
124
33
54
89
149
147
67
93
108
102
103
68
143
71
44
111
141
94
132
63
47
129
105
96
57
151
78
43
88
49
128
66
114
72
46
61
55
100
123
69
80
157
75
130
86
116
81
87
115
104
146
121
107
92
159
127
112
101
110
138
131
158
152
165
126
154
153
148
156
160
113
144
161
155
145
142
117
150
134
163
140
91
164
98
170
83
76
60
85
62
56
79
166
50
51
59
167
172
34
45
30
35
37
26
24
23
32
19
171
31
