81
55
167
195
63
72
180
186
197
181
92
144
157
80
126
47
91
199
117
200
182
127
145
170
110
90
189
108
169
135
162
97
151
198
66
84
100
71
130
146
68
156
87
62
190
164
115
113
143
1
58
185
165
118
140
188
109
142
107
132
160
61
74
177
54
60
133
111
184
43
77
69
51
123
94
119
154
149
67
76
187
73
173
175
105
3
129
112
128
166
194
65
96
20
89
153
49
98
192
172
116
141
85
15
103
168
45
174
93
57
102
104
196
44
14
7
28
159
46
152
18
48
114
78
42
26
23
19
52
17
36
37
139
24
70
64
125
33
4
56
11
150
191
83
88
161
138
99
171
86
6
106
53
183
95
12
148
163
176
40
50
178
101
82
79
59
136
122
34
193
31
158
30
75
8
124
134
10
121
25
41
22
137
38
147
155
120
2
5
9
13
16
21
27
29
32
35
39
131
179
