150
143
114
119
117
118
4
63
91
135
27
24
126
7
146
51
95
183
55
190
106
103
87
184
170
49
152
107
165
65
148
141
1
120
88
77
182
31
111
86
76
113
193
52
72
89
8
22
173
79
123
21
160
163
180
159
161
41
156
20
121
44
96
9
78
179
157
45
56
37
84
125
144
174
132
3
169
14
196
35
93
54
23
80
28
171
6
39
97
61
198
131
176
186
140
177
199
83
46
59
19
82
200
69
181
64
11
128
73
137
50
68
34
191
13
16
58
139
194
142
67
154
17
26
178
47
175
53
98
189
195
124
136
12
33
43
71
168
38
85
42
129
158
48
105
36
192
145
75
164
110
104
122
92
99
18
185
2
29
147
138
94
66
166
133
197
112
81
134
188
116
74
155
187
100
108
30
32
127
5
60
153
172
10
57
167
62
162
101
109
115
15
130
149
40
151
102
70
25
90
