111
2
9
35
37
36
38
173
116
179
112
177
110
34
175
39
42
174
120
43
178
56
57
50
200
45
181
109
188
194
49
186
55
114
47
185
59
187
46
115
58
143
131
117
54
148
151
133
189
142
195
135
184
136
145
199
139
146
113
129
183
191
182
150
118
134
140
190
196
176
197
119
180
192
97
86
87
171
166
125
93
124
132
152
193
130
160
102
198
157
159
170
98
99
153
137
92
147
128
161
101
106
100
138
158
127
154
103
144
96
168
164
122
126
149
123
141
121
155
162
163
169
172
165
167
156
107
105
104
95
94
88
91
85
90
89
81
82
80
84
78
83
76
75
74
79
77
70
68
108
72
66
65
71
64
69
62
61
67
52
63
51
60
53
48
44
41
40
25
32
31
73
30
20
27
19
24
33
22
23
15
16
14
29
21
11
28
18
13
26
17
5
7
4
1
8
12
6
3
10
