145
55
167
81
63
195
151
186
197
181
92
144
157
80
126
47
91
199
117
200
152
127
62
170
110
90
189
108
169
135
139
97
52
133
66
72
100
71
130
48
68
156
87
131
190
164
115
113
143
1
58
185
165
118
50
54
109
179
107
132
160
180
20
177
69
60
162
111
184
43
77
94
51
123
84
119
154
149
67
161
187
73
173
99
105
3
129
112
128
166
194
65
96
182
89
153
49
98
192
172
86
141
85
198
103
61
45
174
188
57
102
104
196
146
14
24
7
159
5
15
18
37
44
82
42
26
56
19
191
17
36
35
150
4
70
64
125
33
11
27
140
178
101
136
124
142
138
175
171
116
6
106
53
183
95
32
168
163
176
40
21
2
25
78
147
59
93
122
155
193
31
158
46
75
38
88
134
83
121
114
41
79
137
13
12
10
120
8
23
28
34
30
39
9
22
76
148
29
74
16
