2
1
99
3
4
5
6
7
8
9
10
11
12
13
14
15
16
17
18
19
20
21
22
23
24
25
26
27
28
29
30
31
32
33
34
35
36
37
38
39
40
41
42
43
44
45
46
47
48
49
50
51
52
53
54
55
56
57
58
59
60
61
62
63
64
65
66
67
68
69
70
71
72
73
74
75
76
77
78
79
80
81
82
83
84
85
86
87
88
89
90
91
92
93
94
95
96
97
98
102
100
101
105
103
104
108
106
107
111
109
110
114
112
113
117
115
116
120
118
119
123
121
122
126
124
125
129
127
128
132
130
131
135
133
134
138
136
137
141
139
140
144
142
143
147
145
146
150
148
149
153
151
152
156
154
155
159
157
158
162
160
161
165
163
164
168
166
167
171
169
170
174
172
173
177
175
176
180
178
179
