2
1
6
5
109
11
20
18
3
7
41
65
97
13
10
22
36
15
12
17
16
42
27
24
23
95
31
19
26
25
21
52
28
39
33
38
35
30
48
29
40
45
32
53
34
43
46
37
62
55
44
49
50
47
54
57
73
51
68
56
58
61
66
93
60
63
84
75
82
67
76
72
74
64
83
77
71
70
69
89
78
106
90
102
80
81
86
88
105
125
111
94
108
99
87
96
122
136
92
100
91
104
98
170
107
101
103
119
123
116
110
112
114
124
133
115
163
121
113
120
118
117
130
165
127
131
126
135
139
162
132
128
141
137
129
164
134
143
142
138
140
145
147
146
144
150
148
159
149
151
158
152
153
155
154
156
85
157
160
161
