1
2
6
7
9
10
11
111
37
35
36
38
34
39
20
116
42
41
27
110
112
40
173
117
45
114
49
50
109
52
175
54
55
56
57
113
61
115
120
67
179
68
200
174
75
118
177
199
119
178
122
121
106
123
176
131
124
133
125
135
136
129
143
139
128
127
130
142
126
132
148
145
151
181
134
146
188
137
194
186
138
140
185
183
187
182
147
150
152
191
141
144
184
189
190
195
149
196
180
197
192
153
157
193
160
159
166
158
154
161
171
170
155
164
168
198
162
163
156
169
165
167
172
3
4
5
8
12
13
14
15
16
17
18
19
21
22
23
24
25
26
28
29
30
31
32
33
43
44
46
47
48
51
53
58
59
60
62
63
64
65
66
69
70
71
72
73
74
76
77
78
79
80
81
82
83
84
85
86
87
88
89
90
91
92
93
94
95
96
97
98
99
100
101
102
103
104
105
107
108
