200
125
61
49
183
109
79
50
51
29
106
17
113
2
198
133
56
83
81
24
75
5
41
155
62
20
114
100
105
95
180
149
159
176
156
89
94
196
102
10
30
80
171
185
142
118
173
32
178
9
124
90
42
58
43
16
112
22
121
7
3
8
63
64
6
36
39
53
26
115
128
45
11
117
18
119
66
157
165
123
187
82
111
44
85
86
48
88
181
15
70
190
93
166
158
96
97
76
99
47
84
13
150
104
55
1
148
108
60
110
169
145
52
23
27
175
126
4
28
194
38
122
87
101
34
40
179
25
116
130
131
140
35
154
161
188
184
138
74
132
147
72
143
152
186
120
182
69
197
151
21
78
153
14
141
31
54
172
92
162
57
163
164
77
139
134
167
73
98
189
91
193
174
59
103
68
136
19
127
177
33
12
129
146
37
107
168
191
65
160
135
170
195
71
144
46
192
67
137
199
