150
4
117
143
114
119
118
63
91
135
126
27
146
7
95
51
190
183
106
111
87
170
24
55
120
107
88
86
193
103
148
41
89
152
49
123
52
196
21
23
141
1
97
9
78
77
179
79
84
20
37
160
157
45
19
132
31
174
184
61
171
46
44
156
93
182
144
121
80
14
6
198
35
26
58
116
140
22
159
166
138
53
137
13
68
191
165
169
176
180
76
17
34
108
82
8
50
199
39
66
65
142
67
85
181
3
145
178
72
73
161
109
175
200
16
192
81
125
195
154
28
59
128
48
104
136
18
40
83
36
162
98
43
69
124
64
33
168
11
139
158
71
185
105
92
42
149
38
113
186
62
134
155
194
131
187
75
110
54
74
189
12
173
47
94
32
2
29
56
133
60
197
122
90
177
163
5
147
112
30
130
153
188
99
57
129
127
96
167
164
172
100
115
102
25
15
70
10
101
151
