2
7
6
11
13
5
12
95
3
26
65
20
38
28
10
22
36
15
162
19
18
30
33
24
23
25
16
17
27
42
21
39
52
47
34
82
44
40
54
29
41
97
31
53
32
43
46
35
62
55
37
49
50
45
48
57
59
51
68
56
58
61
66
69
60
63
77
75
136
67
76
72
64
74
93
70
73
78
90
89
71
101
84
102
80
81
86
88
105
99
83
94
108
122
87
96
120
106
92
100
91
104
98
170
107
103
119
109
123
116
110
112
114
124
111
115
125
121
135
113
118
117
130
165
127
131
126
163
129
128
138
140
132
133
143
134
139
137
142
149
147
144
141
164
145
150
146
148
151
158
152
153
159
154
156
155
85
157
160
161
