1
2
4
5
7
6
9
11
8
13
14
3
15
16
10
18
17
19
12
20
24
22
25
21
27
23
31
34
26
35
33
29
32
39
36
40
37
38
41
45
59
49
52
54
55
53
44
50
42
51
87
81
70
61
47
80
57
67
77
66
68
43
56
60
48
64
83
85
92
94
63
96
69
62
82
76
46
93
84
72
78
58
65
123
91
109
137
118
112
131
138
89
139
102
125
86
113
101
110
100
90
129
106
126
132
133
119
117
111
97
122
114
103
99
120
124
141
127
116
135
104
105
98
121
115
130
176
199
173
136
128
200
175
134
174
143
142
194
147
145
151
181
188
140
185
183
182
144
190
196
146
150
152
191
168
179
184
164
195
149
186
180
197
177
192
148
73
178
193
155
162
156
165
169
163
167
172
161
171
154
189
153
198
187
158
166
157
159
160
170
28
71
95
74
75
88
30
79
107
108
