150
4
117
143
114
119
118
63
91
135
27
24
126
7
146
51
95
183
190
106
103
87
170
49
152
107
148
120
88
86
79
41
160
21
121
20
25
15
30
10
32
5
11
18
40
29
42
2
13
38
46
43
48
47
19
36
52
53
54
16
56
57
33
59
60
12
62
35
64
65
66
67
34
69
70
71
61
73
74
75
76
39
22
45
80
81
26
83
84
85
6
17
50
8
90
58
92
89
94
31
82
97
98
99
100
101
102
68
104
105
77
37
108
109
110
111
112
113
115
116
28
55
93
1
122
123
124
125
9
127
128
129
130
131
132
133
134
136
137
138
139
140
141
142
44
145
3
147
144
149
151
72
153
154
155
156
23
158
159
157
161
162
163
164
165
166
167
168
169
14
171
172
173
174
175
176
177
178
179
180
181
182
78
184
185
186
187
188
189
96
191
192
193
194
195
196
197
198
199
200
