200
125
61
49
183
109
79
50
51
29
106
17
2
113
176
198
133
56
83
24
81
75
41
155
5
95
114
20
105
28
3
21
33
23
12
19
37
34
4
25
30
27
14
31
39
46
47
32
6
36
18
8
53
54
45
16
57
43
59
60
13
48
63
64
65
9
67
68
69
70
71
72
26
74
44
76
77
78
52
73
58
82
1
84
85
86
87
88
89
15
91
92
93
7
66
96
97
98
99
10
101
22
103
104
55
94
107
108
100
110
111
112
90
62
115
116
117
118
119
120
121
122
123
42
80
126
127
35
129
130
131
132
102
134
135
136
137
138
139
140
141
142
143
144
145
146
147
148
149
150
151
152
153
154
124
128
157
158
159
160
161
162
163
164
165
166
167
168
169
170
171
172
11
174
175
173
177
178
179
180
181
182
40
184
156
186
187
188
189
190
191
192
193
194
195
38
197
196
199
185
